<?xml version="1.0" encoding="UTF-8"?>
<coverage generated="1660811851516" clover="3.2.0">
  <project timestamp="1660811851516" name="All files">
    <metrics statements="82" coveredstatements="76" conditionals="41" coveredconditionals="36" methods="22" coveredmethods="22" elements="145" coveredelements="134" complexity="0" loc="82" ncloc="82" packages="3" files="7" classes="7"/>
    <package name="__fixtures__">
      <metrics statements="2" coveredstatements="2" conditionals="0" coveredconditionals="0" methods="2" coveredmethods="2"/>
      <file name="getFixturePath.js" path="/home/trair/frontend-project-lvl2/__fixtures__/getFixturePath.js">
        <metrics statements="2" coveredstatements="2" conditionals="0" coveredconditionals="0" methods="2" coveredmethods="2"/>
        <line num="4" count="7" type="stmt"/>
        <line num="5" count="3" type="stmt"/>
      </file>
    </package>
    <package name="src">
      <metrics statements="31" coveredstatements="30" conditionals="15" coveredconditionals="14" methods="7" coveredmethods="7"/>
      <file name="compareData.js" path="/home/trair/frontend-project-lvl2/src/compareData.js">
        <metrics statements="16" coveredstatements="16" conditionals="10" coveredconditionals="10" methods="2" coveredmethods="2"/>
        <line num="3" count="1" type="stmt"/>
        <line num="4" count="50" type="stmt"/>
        <line num="5" count="50" type="stmt"/>
        <line num="6" count="50" type="stmt"/>
        <line num="7" count="180" type="stmt"/>
        <line num="8" count="180" type="stmt"/>
        <line num="10" count="180" type="cond" truecount="4" falsecount="0"/>
        <line num="11" count="40" type="stmt"/>
        <line num="17" count="140" type="cond" truecount="2" falsecount="0"/>
        <line num="18" count="20" type="stmt"/>
        <line num="24" count="120" type="cond" truecount="2" falsecount="0"/>
        <line num="25" count="50" type="stmt"/>
        <line num="31" count="70" type="cond" truecount="2" falsecount="0"/>
        <line num="32" count="40" type="stmt"/>
        <line num="39" count="30" type="stmt"/>
        <line num="45" count="50" type="stmt"/>
      </file>
      <file name="index.js" path="/home/trair/frontend-project-lvl2/src/index.js">
        <metrics statements="10" coveredstatements="10" conditionals="1" coveredconditionals="1" methods="4" coveredmethods="4"/>
        <line num="7" count="20" type="stmt"/>
        <line num="8" count="20" type="stmt"/>
        <line num="9" count="20" type="stmt"/>
        <line num="11" count="1" type="cond" truecount="1" falsecount="0"/>
        <line num="12" count="10" type="stmt"/>
        <line num="13" count="10" type="stmt"/>
        <line num="14" count="10" type="stmt"/>
        <line num="15" count="10" type="stmt"/>
        <line num="16" count="10" type="stmt"/>
        <line num="17" count="10" type="stmt"/>
      </file>
      <file name="parsers.js" path="/home/trair/frontend-project-lvl2/src/parsers.js">
        <metrics statements="5" coveredstatements="4" conditionals="4" coveredconditionals="3" methods="1" coveredmethods="1"/>
        <line num="3" count="1" type="stmt"/>
        <line num="4" count="20" type="cond" truecount="3" falsecount="1"/>
        <line num="6" count="11" type="stmt"/>
        <line num="9" count="9" type="stmt"/>
        <line num="11" count="0" type="stmt"/>
      </file>
    </package>
    <package name="src.formats">
      <metrics statements="49" coveredstatements="44" conditionals="26" coveredconditionals="22" methods="13" coveredmethods="13"/>
      <file name="format.js" path="/home/trair/frontend-project-lvl2/src/formats/format.js">
        <metrics statements="6" coveredstatements="5" conditionals="4" coveredconditionals="3" methods="1" coveredmethods="1"/>
        <line num="4" count="1" type="stmt"/>
        <line num="5" count="10" type="cond" truecount="3" falsecount="1"/>
        <line num="7" count="4" type="stmt"/>
        <line num="9" count="3" type="stmt"/>
        <line num="11" count="3" type="stmt"/>
        <line num="13" count="0" type="stmt"/>
      </file>
      <file name="plain.js" path="/home/trair/frontend-project-lvl2/src/formats/plain.js">
        <metrics statements="18" coveredstatements="16" conditionals="11" coveredconditionals="10" methods="5" coveredmethods="5"/>
        <line num="3" count="1" type="stmt"/>
        <line num="4" count="39" type="cond" truecount="2" falsecount="0"/>
        <line num="5" count="9" type="stmt"/>
        <line num="7" count="30" type="cond" truecount="2" falsecount="0"/>
        <line num="10" count="1" type="stmt"/>
        <line num="11" count="3" type="cond" truecount="1" falsecount="0"/>
        <line num="19" count="54" type="stmt"/>
        <line num="20" count="54" type="cond" truecount="5" falsecount="1"/>
        <line num="22" count="42" type="stmt"/>
        <line num="23" count="12" type="stmt"/>
        <line num="26" count="6" type="stmt"/>
        <line num="28" count="15" type="stmt"/>
        <line num="30" count="12" type="stmt"/>
        <line num="32" count="9" type="stmt"/>
        <line num="34" count="0" type="stmt"/>
        <line num="36" count="0" type="stmt"/>
        <line num="38" count="12" type="stmt"/>
        <line num="39" count="3" type="stmt"/>
      </file>
      <file name="stylish.js" path="/home/trair/frontend-project-lvl2/src/formats/stylish.js">
        <metrics statements="25" coveredstatements="23" conditionals="11" coveredconditionals="9" methods="7" coveredmethods="7"/>
        <line num="3" count="280" type="cond" truecount="1" falsecount="0"/>
        <line num="5" count="1" type="cond" truecount="0" falsecount="1"/>
        <line num="6" count="220" type="cond" truecount="2" falsecount="0"/>
        <line num="7" count="192" type="stmt"/>
        <line num="9" count="28" type="stmt"/>
        <line num="10" count="28" type="stmt"/>
        <line num="11" count="36" type="stmt"/>
        <line num="12" count="36" type="stmt"/>
        <line num="14" count="28" type="stmt"/>
        <line num="17" count="1" type="stmt"/>
        <line num="18" count="4" type="cond" truecount="1" falsecount="0"/>
        <line num="26" count="72" type="stmt"/>
        <line num="27" count="72" type="stmt"/>
        <line num="28" count="72" type="stmt"/>
        <line num="29" count="72" type="cond" truecount="5" falsecount="1"/>
        <line num="31" count="56" type="stmt"/>
        <line num="32" count="16" type="stmt"/>
        <line num="35" count="8" type="stmt"/>
        <line num="37" count="20" type="stmt"/>
        <line num="39" count="16" type="stmt"/>
        <line num="41" count="12" type="stmt"/>
        <line num="43" count="0" type="stmt"/>
        <line num="45" count="0" type="stmt"/>
        <line num="47" count="16" type="stmt"/>
        <line num="48" count="4" type="stmt"/>
      </file>
    </package>
  </project>
</coverage>
