{"/home/trair/frontend-project-lvl2/__fixtures__/getFixturePath.js": {"path":"/home/trair/frontend-project-lvl2/__fixtures__/getFixturePath.js","statementMap":{"0":{"start":{"line":4,"column":23},"end":{"line":4,"column":82}},"1":{"start":{"line":4,"column":33},"end":{"line":4,"column":82}},"2":{"start":{"line":5,"column":17},"end":{"line":5,"column":73}},"3":{"start":{"line":5,"column":27},"end":{"line":5,"column":73}}},"fnMap":{"0":{"name":"(anonymous_0)","decl":{"start":{"line":4,"column":23},"end":{"line":4,"column":24}},"loc":{"start":{"line":4,"column":33},"end":{"line":4,"column":82}},"line":4},"1":{"name":"(anonymous_1)","decl":{"start":{"line":5,"column":17},"end":{"line":5,"column":18}},"loc":{"start":{"line":5,"column":27},"end":{"line":5,"column":73}},"line":5}},"branchMap":{},"s":{"0":1,"1":7,"2":1,"3":3},"f":{"0":7,"1":3},"b":{},"_coverageSchema":"1a1c01bbd47fc00a2c39e90264f33305004495a9","hash":"45af001bca5fe3b9069fc361083c2751387d5816"}
,"/home/trair/frontend-project-lvl2/src/compareData.js": {"path":"/home/trair/frontend-project-lvl2/src/compareData.js","statementMap":{"0":{"start":{"line":3,"column":20},"end":{"line":46,"column":1}},"1":{"start":{"line":4,"column":19},"end":{"line":4,"column":71}},"2":{"start":{"line":5,"column":19},"end":{"line":5,"column":37}},"3":{"start":{"line":6,"column":17},"end":{"line":44,"column":4}},"4":{"start":{"line":7,"column":19},"end":{"line":7,"column":28}},"5":{"start":{"line":8,"column":19},"end":{"line":8,"column":28}},"6":{"start":{"line":10,"column":4},"end":{"line":16,"column":5}},"7":{"start":{"line":11,"column":6},"end":{"line":15,"column":8}},"8":{"start":{"line":17,"column":4},"end":{"line":23,"column":5}},"9":{"start":{"line":18,"column":6},"end":{"line":22,"column":8}},"10":{"start":{"line":24,"column":4},"end":{"line":30,"column":5}},"11":{"start":{"line":25,"column":6},"end":{"line":29,"column":8}},"12":{"start":{"line":31,"column":4},"end":{"line":38,"column":5}},"13":{"start":{"line":32,"column":6},"end":{"line":37,"column":8}},"14":{"start":{"line":39,"column":4},"end":{"line":43,"column":6}},"15":{"start":{"line":45,"column":2},"end":{"line":45,"column":16}}},"fnMap":{"0":{"name":"(anonymous_0)","decl":{"start":{"line":3,"column":20},"end":{"line":3,"column":21}},"loc":{"start":{"line":3,"column":36},"end":{"line":46,"column":1}},"line":3},"1":{"name":"(anonymous_1)","decl":{"start":{"line":6,"column":30},"end":{"line":6,"column":31}},"loc":{"start":{"line":6,"column":39},"end":{"line":44,"column":3}},"line":6}},"branchMap":{"0":{"loc":{"start":{"line":10,"column":4},"end":{"line":16,"column":5}},"type":"if","locations":[{"start":{"line":10,"column":4},"end":{"line":16,"column":5}},{"start":{},"end":{}}],"line":10},"1":{"loc":{"start":{"line":10,"column":8},"end":{"line":10,"column":48}},"type":"binary-expr","locations":[{"start":{"line":10,"column":8},"end":{"line":10,"column":26}},{"start":{"line":10,"column":30},"end":{"line":10,"column":48}}],"line":10},"2":{"loc":{"start":{"line":17,"column":4},"end":{"line":23,"column":5}},"type":"if","locations":[{"start":{"line":17,"column":4},"end":{"line":23,"column":5}},{"start":{},"end":{}}],"line":17},"3":{"loc":{"start":{"line":24,"column":4},"end":{"line":30,"column":5}},"type":"if","locations":[{"start":{"line":24,"column":4},"end":{"line":30,"column":5}},{"start":{},"end":{}}],"line":24},"4":{"loc":{"start":{"line":31,"column":4},"end":{"line":38,"column":5}},"type":"if","locations":[{"start":{"line":31,"column":4},"end":{"line":38,"column":5}},{"start":{},"end":{}}],"line":31}},"s":{"0":1,"1":50,"2":50,"3":50,"4":180,"5":180,"6":180,"7":40,"8":140,"9":20,"10":120,"11":50,"12":70,"13":40,"14":30,"15":50},"f":{"0":50,"1":180},"b":{"0":[40,140],"1":[180,60],"2":[20,120],"3":[50,70],"4":[40,30]},"_coverageSchema":"1a1c01bbd47fc00a2c39e90264f33305004495a9","hash":"5e478f202c86ce420faeaded749371152e9cd8eb"}
,"/home/trair/frontend-project-lvl2/src/index.js": {"path":"/home/trair/frontend-project-lvl2/src/index.js","statementMap":{"0":{"start":{"line":7,"column":16},"end":{"line":7,"column":59}},"1":{"start":{"line":7,"column":26},"end":{"line":7,"column":59}},"2":{"start":{"line":8,"column":17},"end":{"line":8,"column":66}},"3":{"start":{"line":8,"column":27},"end":{"line":8,"column":66}},"4":{"start":{"line":9,"column":18},"end":{"line":9,"column":46}},"5":{"start":{"line":9,"column":28},"end":{"line":9,"column":46}},"6":{"start":{"line":11,"column":16},"end":{"line":18,"column":1}},"7":{"start":{"line":12,"column":19},"end":{"line":12,"column":34}},"8":{"start":{"line":13,"column":19},"end":{"line":13,"column":34}},"9":{"start":{"line":14,"column":15},"end":{"line":14,"column":55}},"10":{"start":{"line":15,"column":15},"end":{"line":15,"column":55}},"11":{"start":{"line":16,"column":15},"end":{"line":16,"column":38}},"12":{"start":{"line":17,"column":2},"end":{"line":17,"column":36}}},"fnMap":{"0":{"name":"(anonymous_0)","decl":{"start":{"line":7,"column":16},"end":{"line":7,"column":17}},"loc":{"start":{"line":7,"column":26},"end":{"line":7,"column":59}},"line":7},"1":{"name":"(anonymous_1)","decl":{"start":{"line":8,"column":17},"end":{"line":8,"column":18}},"loc":{"start":{"line":8,"column":27},"end":{"line":8,"column":66}},"line":8},"2":{"name":"(anonymous_2)","decl":{"start":{"line":9,"column":18},"end":{"line":9,"column":19}},"loc":{"start":{"line":9,"column":28},"end":{"line":9,"column":46}},"line":9},"3":{"name":"(anonymous_3)","decl":{"start":{"line":11,"column":16},"end":{"line":11,"column":17}},"loc":{"start":{"line":11,"column":60},"end":{"line":18,"column":1}},"line":11}},"branchMap":{"0":{"loc":{"start":{"line":11,"column":31},"end":{"line":11,"column":55}},"type":"default-arg","locations":[{"start":{"line":11,"column":46},"end":{"line":11,"column":55}}],"line":11}},"s":{"0":1,"1":20,"2":1,"3":20,"4":1,"5":20,"6":1,"7":10,"8":10,"9":10,"10":10,"11":10,"12":10},"f":{"0":20,"1":20,"2":20,"3":10},"b":{"0":[2]},"_coverageSchema":"1a1c01bbd47fc00a2c39e90264f33305004495a9","hash":"8b8fb2920fc55a08225fc9b34fb23890603e8873"}
,"/home/trair/frontend-project-lvl2/src/parsers.js": {"path":"/home/trair/frontend-project-lvl2/src/parsers.js","statementMap":{"0":{"start":{"line":3,"column":21},"end":{"line":13,"column":1}},"1":{"start":{"line":4,"column":2},"end":{"line":12,"column":3}},"2":{"start":{"line":6,"column":6},"end":{"line":6,"column":30}},"3":{"start":{"line":9,"column":6},"end":{"line":9,"column":29}},"4":{"start":{"line":11,"column":6},"end":{"line":11,"column":59}}},"fnMap":{"0":{"name":"(anonymous_0)","decl":{"start":{"line":3,"column":21},"end":{"line":3,"column":22}},"loc":{"start":{"line":3,"column":39},"end":{"line":13,"column":1}},"line":3}},"branchMap":{"0":{"loc":{"start":{"line":4,"column":2},"end":{"line":12,"column":3}},"type":"switch","locations":[{"start":{"line":5,"column":4},"end":{"line":6,"column":30}},{"start":{"line":7,"column":4},"end":{"line":7,"column":15}},{"start":{"line":8,"column":4},"end":{"line":9,"column":29}},{"start":{"line":10,"column":4},"end":{"line":11,"column":59}}],"line":4}},"s":{"0":1,"1":20,"2":11,"3":9,"4":0},"f":{"0":20},"b":{"0":[11,3,9,0]},"_coverageSchema":"1a1c01bbd47fc00a2c39e90264f33305004495a9","hash":"103f5b8905c0963940e21c5e69a518f93fbe93e9"}
,"/home/trair/frontend-project-lvl2/src/formats/format.js": {"path":"/home/trair/frontend-project-lvl2/src/formats/format.js","statementMap":{"0":{"start":{"line":4,"column":15},"end":{"line":15,"column":1}},"1":{"start":{"line":5,"column":2},"end":{"line":14,"column":3}},"2":{"start":{"line":7,"column":6},"end":{"line":7,"column":27}},"3":{"start":{"line":9,"column":6},"end":{"line":9,"column":25}},"4":{"start":{"line":11,"column":6},"end":{"line":11,"column":34}},"5":{"start":{"line":13,"column":6},"end":{"line":13,"column":65}}},"fnMap":{"0":{"name":"(anonymous_0)","decl":{"start":{"line":4,"column":15},"end":{"line":4,"column":16}},"loc":{"start":{"line":4,"column":39},"end":{"line":15,"column":1}},"line":4}},"branchMap":{"0":{"loc":{"start":{"line":5,"column":2},"end":{"line":14,"column":3}},"type":"switch","locations":[{"start":{"line":6,"column":4},"end":{"line":7,"column":27}},{"start":{"line":8,"column":4},"end":{"line":9,"column":25}},{"start":{"line":10,"column":4},"end":{"line":11,"column":34}},{"start":{"line":12,"column":4},"end":{"line":13,"column":65}}],"line":5}},"s":{"0":1,"1":10,"2":4,"3":3,"4":3,"5":0},"f":{"0":10},"b":{"0":[4,3,3,0]},"_coverageSchema":"1a1c01bbd47fc00a2c39e90264f33305004495a9","hash":"bc0d7c996a960f07272da25541873a524df0d000"}
,"/home/trair/frontend-project-lvl2/src/formats/plain.js": {"path":"/home/trair/frontend-project-lvl2/src/formats/plain.js","statementMap":{"0":{"start":{"line":3,"column":19},"end":{"line":8,"column":1}},"1":{"start":{"line":4,"column":2},"end":{"line":6,"column":3}},"2":{"start":{"line":5,"column":4},"end":{"line":5,"column":29}},"3":{"start":{"line":7,"column":2},"end":{"line":7,"column":58}},"4":{"start":{"line":10,"column":14},"end":{"line":40,"column":1}},"5":{"start":{"line":11,"column":15},"end":{"line":37,"column":3}},"6":{"start":{"line":19,"column":8},"end":{"line":19,"column":12}},"7":{"start":{"line":20,"column":4},"end":{"line":35,"column":5}},"8":{"start":{"line":22,"column":29},"end":{"line":22,"column":89}},"9":{"start":{"line":22,"column":57},"end":{"line":22,"column":88}},"10":{"start":{"line":23,"column":8},"end":{"line":23,"column":39}},"11":{"start":{"line":26,"column":8},"end":{"line":26,"column":56}},"12":{"start":{"line":28,"column":8},"end":{"line":28,"column":87}},"13":{"start":{"line":30,"column":8},"end":{"line":30,"column":109}},"14":{"start":{"line":32,"column":8},"end":{"line":32,"column":18}},"15":{"start":{"line":34,"column":8},"end":{"line":34,"column":29}},"16":{"start":{"line":36,"column":4},"end":{"line":36,"column":16}},"17":{"start":{"line":38,"column":17},"end":{"line":38,"column":46}},"18":{"start":{"line":38,"column":35},"end":{"line":38,"column":45}},"19":{"start":{"line":39,"column":2},"end":{"line":39,"column":32}}},"fnMap":{"0":{"name":"(anonymous_0)","decl":{"start":{"line":3,"column":19},"end":{"line":3,"column":20}},"loc":{"start":{"line":3,"column":30},"end":{"line":8,"column":1}},"line":3},"1":{"name":"(anonymous_1)","decl":{"start":{"line":10,"column":14},"end":{"line":10,"column":15}},"loc":{"start":{"line":10,"column":23},"end":{"line":40,"column":1}},"line":10},"2":{"name":"(anonymous_2)","decl":{"start":{"line":11,"column":15},"end":{"line":11,"column":16}},"loc":{"start":{"line":11,"column":38},"end":{"line":37,"column":3}},"line":11},"3":{"name":"(anonymous_3)","decl":{"start":{"line":22,"column":46},"end":{"line":22,"column":47}},"loc":{"start":{"line":22,"column":57},"end":{"line":22,"column":88}},"line":22},"4":{"name":"(anonymous_4)","decl":{"start":{"line":38,"column":25},"end":{"line":38,"column":26}},"loc":{"start":{"line":38,"column":35},"end":{"line":38,"column":45}},"line":38}},"branchMap":{"0":{"loc":{"start":{"line":4,"column":2},"end":{"line":6,"column":3}},"type":"if","locations":[{"start":{"line":4,"column":2},"end":{"line":6,"column":3}},{"start":{},"end":{}}],"line":4},"1":{"loc":{"start":{"line":7,"column":9},"end":{"line":7,"column":57}},"type":"cond-expr","locations":[{"start":{"line":7,"column":37},"end":{"line":7,"column":49}},{"start":{"line":7,"column":52},"end":{"line":7,"column":57}}],"line":7},"2":{"loc":{"start":{"line":11,"column":22},"end":{"line":11,"column":33}},"type":"default-arg","locations":[{"start":{"line":11,"column":31},"end":{"line":11,"column":33}}],"line":11},"3":{"loc":{"start":{"line":20,"column":4},"end":{"line":35,"column":5}},"type":"switch","locations":[{"start":{"line":21,"column":6},"end":{"line":24,"column":7}},{"start":{"line":25,"column":6},"end":{"line":26,"column":56}},{"start":{"line":27,"column":6},"end":{"line":28,"column":87}},{"start":{"line":29,"column":6},"end":{"line":30,"column":109}},{"start":{"line":31,"column":6},"end":{"line":32,"column":18}},{"start":{"line":33,"column":6},"end":{"line":34,"column":29}}],"line":20}},"s":{"0":1,"1":39,"2":9,"3":30,"4":1,"5":3,"6":54,"7":54,"8":12,"9":42,"10":12,"11":6,"12":15,"13":12,"14":9,"15":0,"16":0,"17":3,"18":12,"19":3},"f":{"0":39,"1":3,"2":54,"3":42,"4":12},"b":{"0":[9,30],"1":[21,9],"2":[12],"3":[12,6,15,12,9,0]},"_coverageSchema":"1a1c01bbd47fc00a2c39e90264f33305004495a9","hash":"1424ddc5ad8cd63c4ad02b269758a9c1062a0c51"}
,"/home/trair/frontend-project-lvl2/src/formats/stylish.js": {"path":"/home/trair/frontend-project-lvl2/src/formats/stylish.js","statementMap":{"0":{"start":{"line":3,"column":18},"end":{"line":3,"column":61}},"1":{"start":{"line":3,"column":38},"end":{"line":3,"column":61}},"2":{"start":{"line":5,"column":19},"end":{"line":15,"column":1}},"3":{"start":{"line":6,"column":2},"end":{"line":8,"column":3}},"4":{"start":{"line":7,"column":4},"end":{"line":7,"column":17}},"5":{"start":{"line":9,"column":15},"end":{"line":9,"column":33}},"6":{"start":{"line":10,"column":17},"end":{"line":13,"column":4}},"7":{"start":{"line":11,"column":19},"end":{"line":11,"column":29}},"8":{"start":{"line":12,"column":4},"end":{"line":12,"column":75}},"9":{"start":{"line":14,"column":2},"end":{"line":14,"column":57}},"10":{"start":{"line":17,"column":16},"end":{"line":49,"column":1}},"11":{"start":{"line":18,"column":15},"end":{"line":46,"column":3}},"12":{"start":{"line":26,"column":8},"end":{"line":26,"column":12}},"13":{"start":{"line":27,"column":20},"end":{"line":27,"column":75}},"14":{"start":{"line":28,"column":20},"end":{"line":28,"column":75}},"15":{"start":{"line":29,"column":4},"end":{"line":44,"column":5}},"16":{"start":{"line":31,"column":29},"end":{"line":31,"column":78}},"17":{"start":{"line":31,"column":57},"end":{"line":31,"column":77}},"18":{"start":{"line":32,"column":8},"end":{"line":32,"column":96}},"19":{"start":{"line":35,"column":8},"end":{"line":35,"column":70}},"20":{"start":{"line":37,"column":8},"end":{"line":37,"column":70}},"21":{"start":{"line":39,"column":8},"end":{"line":39,"column":42}},"22":{"start":{"line":41,"column":8},"end":{"line":41,"column":70}},"23":{"start":{"line":43,"column":8},"end":{"line":43,"column":29}},"24":{"start":{"line":45,"column":4},"end":{"line":45,"column":16}},"25":{"start":{"line":47,"column":17},"end":{"line":47,"column":46}},"26":{"start":{"line":47,"column":35},"end":{"line":47,"column":45}},"27":{"start":{"line":48,"column":2},"end":{"line":48,"column":38}}},"fnMap":{"0":{"name":"(anonymous_0)","decl":{"start":{"line":3,"column":18},"end":{"line":3,"column":19}},"loc":{"start":{"line":3,"column":38},"end":{"line":3,"column":61}},"line":3},"1":{"name":"(anonymous_1)","decl":{"start":{"line":5,"column":19},"end":{"line":5,"column":20}},"loc":{"start":{"line":5,"column":39},"end":{"line":15,"column":1}},"line":5},"2":{"name":"(anonymous_2)","decl":{"start":{"line":10,"column":26},"end":{"line":10,"column":27}},"loc":{"start":{"line":10,"column":35},"end":{"line":13,"column":3}},"line":10},"3":{"name":"(anonymous_3)","decl":{"start":{"line":17,"column":16},"end":{"line":17,"column":17}},"loc":{"start":{"line":17,"column":25},"end":{"line":49,"column":1}},"line":17},"4":{"name":"(anonymous_4)","decl":{"start":{"line":18,"column":15},"end":{"line":18,"column":16}},"loc":{"start":{"line":18,"column":34},"end":{"line":46,"column":3}},"line":18},"5":{"name":"(anonymous_5)","decl":{"start":{"line":31,"column":46},"end":{"line":31,"column":47}},"loc":{"start":{"line":31,"column":57},"end":{"line":31,"column":77}},"line":31},"6":{"name":"(anonymous_6)","decl":{"start":{"line":47,"column":25},"end":{"line":47,"column":26}},"loc":{"start":{"line":47,"column":35},"end":{"line":47,"column":45}},"line":47}},"branchMap":{"0":{"loc":{"start":{"line":3,"column":24},"end":{"line":3,"column":33}},"type":"default-arg","locations":[{"start":{"line":3,"column":30},"end":{"line":3,"column":33}}],"line":3},"1":{"loc":{"start":{"line":5,"column":27},"end":{"line":5,"column":34}},"type":"default-arg","locations":[{"start":{"line":5,"column":33},"end":{"line":5,"column":34}}],"line":5},"2":{"loc":{"start":{"line":6,"column":2},"end":{"line":8,"column":3}},"type":"if","locations":[{"start":{"line":6,"column":2},"end":{"line":8,"column":3}},{"start":{},"end":{}}],"line":6},"3":{"loc":{"start":{"line":18,"column":22},"end":{"line":18,"column":29}},"type":"default-arg","locations":[{"start":{"line":18,"column":28},"end":{"line":18,"column":29}}],"line":18},"4":{"loc":{"start":{"line":29,"column":4},"end":{"line":44,"column":5}},"type":"switch","locations":[{"start":{"line":30,"column":6},"end":{"line":33,"column":7}},{"start":{"line":34,"column":6},"end":{"line":35,"column":70}},{"start":{"line":36,"column":6},"end":{"line":37,"column":70}},{"start":{"line":38,"column":6},"end":{"line":39,"column":42}},{"start":{"line":40,"column":6},"end":{"line":41,"column":70}},{"start":{"line":42,"column":6},"end":{"line":43,"column":29}}],"line":29}},"s":{"0":1,"1":280,"2":1,"3":220,"4":192,"5":28,"6":28,"7":36,"8":36,"9":28,"10":1,"11":4,"12":72,"13":72,"14":72,"15":72,"16":16,"17":56,"18":16,"19":8,"20":20,"21":16,"22":12,"23":0,"24":0,"25":4,"26":16,"27":4},"f":{"0":280,"1":220,"2":36,"3":4,"4":72,"5":56,"6":16},"b":{"0":[280],"1":[0],"2":[192,28],"3":[16],"4":[16,8,20,16,12,0]},"_coverageSchema":"1a1c01bbd47fc00a2c39e90264f33305004495a9","hash":"6a953b5c653e51690a8279e558027e04a82fdc9a"}
}
