TN:
SF:__fixtures__/getFixturePath.js
FN:4,(anonymous_0)
FN:5,(anonymous_1)
FNF:2
FNH:2
FNDA:7,(anonymous_0)
FNDA:3,(anonymous_1)
DA:4,7
DA:5,3
LF:2
LH:2
BRF:0
BRH:0
end_of_record
TN:
SF:src/compareData.js
FN:3,(anonymous_0)
FN:6,(anonymous_1)
FNF:2
FNH:2
FNDA:50,(anonymous_0)
FNDA:180,(anonymous_1)
DA:3,1
DA:4,50
DA:5,50
DA:6,50
DA:7,180
DA:8,180
DA:10,180
DA:11,40
DA:17,140
DA:18,20
DA:24,120
DA:25,50
DA:31,70
DA:32,40
DA:39,30
DA:45,50
LF:16
LH:16
BRDA:10,0,0,40
BRDA:10,0,1,140
BRDA:10,1,0,180
BRDA:10,1,1,60
BRDA:17,2,0,20
BRDA:17,2,1,120
BRDA:24,3,0,50
BRDA:24,3,1,70
BRDA:31,4,0,40
BRDA:31,4,1,30
BRF:10
BRH:10
end_of_record
TN:
SF:src/index.js
FN:7,(anonymous_0)
FN:8,(anonymous_1)
FN:9,(anonymous_2)
FN:11,(anonymous_3)
FNF:4
FNH:4
FNDA:20,(anonymous_0)
FNDA:20,(anonymous_1)
FNDA:20,(anonymous_2)
FNDA:10,(anonymous_3)
DA:7,20
DA:8,20
DA:9,20
DA:11,1
DA:12,10
DA:13,10
DA:14,10
DA:15,10
DA:16,10
DA:17,10
LF:10
LH:10
BRDA:11,0,0,2
BRF:1
BRH:1
end_of_record
TN:
SF:src/parsers.js
FN:3,(anonymous_0)
FNF:1
FNH:1
FNDA:20,(anonymous_0)
DA:3,1
DA:4,20
DA:6,11
DA:9,9
DA:11,0
LF:5
LH:4
BRDA:4,0,0,11
BRDA:4,0,1,3
BRDA:4,0,2,9
BRDA:4,0,3,0
BRF:4
BRH:3
end_of_record
TN:
SF:src/formats/format.js
FN:4,(anonymous_0)
FNF:1
FNH:1
FNDA:10,(anonymous_0)
DA:4,1
DA:5,10
DA:7,4
DA:9,3
DA:11,3
DA:13,0
LF:6
LH:5
BRDA:5,0,0,4
BRDA:5,0,1,3
BRDA:5,0,2,3
BRDA:5,0,3,0
BRF:4
BRH:3
end_of_record
TN:
SF:src/formats/plain.js
FN:3,(anonymous_0)
FN:10,(anonymous_1)
FN:11,(anonymous_2)
FN:22,(anonymous_3)
FN:38,(anonymous_4)
FNF:5
FNH:5
FNDA:39,(anonymous_0)
FNDA:3,(anonymous_1)
FNDA:54,(anonymous_2)
FNDA:42,(anonymous_3)
FNDA:12,(anonymous_4)
DA:3,1
DA:4,39
DA:5,9
DA:7,30
DA:10,1
DA:11,3
DA:19,54
DA:20,54
DA:22,42
DA:23,12
DA:26,6
DA:28,15
DA:30,12
DA:32,9
DA:34,0
DA:36,0
DA:38,12
DA:39,3
LF:18
LH:16
BRDA:4,0,0,9
BRDA:4,0,1,30
BRDA:7,1,0,21
BRDA:7,1,1,9
BRDA:11,2,0,12
BRDA:20,3,0,12
BRDA:20,3,1,6
BRDA:20,3,2,15
BRDA:20,3,3,12
BRDA:20,3,4,9
BRDA:20,3,5,0
BRF:11
BRH:10
end_of_record
TN:
SF:src/formats/stylish.js
FN:3,(anonymous_0)
FN:5,(anonymous_1)
FN:10,(anonymous_2)
FN:17,(anonymous_3)
FN:18,(anonymous_4)
FN:31,(anonymous_5)
FN:47,(anonymous_6)
FNF:7
FNH:7
FNDA:280,(anonymous_0)
FNDA:220,(anonymous_1)
FNDA:36,(anonymous_2)
FNDA:4,(anonymous_3)
FNDA:72,(anonymous_4)
FNDA:56,(anonymous_5)
FNDA:16,(anonymous_6)
DA:3,280
DA:5,1
DA:6,220
DA:7,192
DA:9,28
DA:10,28
DA:11,36
DA:12,36
DA:14,28
DA:17,1
DA:18,4
DA:26,72
DA:27,72
DA:28,72
DA:29,72
DA:31,56
DA:32,16
DA:35,8
DA:37,20
DA:39,16
DA:41,12
DA:43,0
DA:45,0
DA:47,16
DA:48,4
LF:25
LH:23
BRDA:3,0,0,280
BRDA:5,1,0,0
BRDA:6,2,0,192
BRDA:6,2,1,28
BRDA:18,3,0,16
BRDA:29,4,0,16
BRDA:29,4,1,8
BRDA:29,4,2,20
BRDA:29,4,3,16
BRDA:29,4,4,12
BRDA:29,4,5,0
BRF:11
BRH:9
end_of_record
